<?xml version="1.0" encoding="UTF-8"?>
<testsuite name="ru.stqa.pft.addressbook.tests.ContactEmailTests" tests="1" skipped="0" failures="0" errors="0" timestamp="2019-06-13T13:07:59" hostname="lotsman" time="0.377">
  <properties/>
  <testcase name="testContactAddresses" classname="ru.stqa.pft.addressbook.tests.ContactEmailTests" time="0.377"/>
  <system-out><![CDATA[]]></system-out>
  <system-err><![CDATA[]]></system-err>
</testsuite>
