<?xml version="1.0" encoding="UTF-8"?>
<testsuite name="ru.stqa.pft.addressbook.tests.ContactCreationTests" tests="3" skipped="0" failures="0" errors="0" timestamp="2019-06-13T13:07:33" hostname="lotsman" time="12.332">
  <properties/>
  <testcase name="testContactCreationTests[0](ContactData{id=2147483647, firstName='First 0', lastName='Last 0'})" classname="ru.stqa.pft.addressbook.tests.ContactCreationTests" time="4.852"/>
  <testcase name="testContactCreationTests[1](ContactData{id=2147483647, firstName='First 1', lastName='Last 1'})" classname="ru.stqa.pft.addressbook.tests.ContactCreationTests" time="3.766"/>
  <testcase name="testContactCreationTests[2](ContactData{id=2147483647, firstName='First 2', lastName='Last 2'})" classname="ru.stqa.pft.addressbook.tests.ContactCreationTests" time="3.679"/>
  <system-out><![CDATA[]]></system-out>
  <system-err><![CDATA[]]></system-err>
</testsuite>
