<?xml version="1.0" encoding="UTF-8"?>
<testsuite name="ru.stqa.pft.addressbook.tests.ContactDeletionTests" tests="1" skipped="0" failures="0" errors="0" timestamp="2019-06-13T13:07:53" hostname="lotsman" time="2.187">
  <properties/>
  <testcase name="testContactDeletionTests" classname="ru.stqa.pft.addressbook.tests.ContactDeletionTests" time="2.187"/>
  <system-out><![CDATA[]]></system-out>
  <system-err><![CDATA[]]></system-err>
</testsuite>
