<?xml version="1.0" encoding="UTF-8"?>
<testsuite name="ru.stqa.pft.addressbook.tests.ContactDetailsTests" tests="1" skipped="0" failures="0" errors="0" timestamp="2019-06-13T13:08:01" hostname="lotsman" time="0.532">
  <properties/>
  <testcase name="testContactAddresses" classname="ru.stqa.pft.addressbook.tests.ContactDetailsTests" time="0.532"/>
  <system-out><![CDATA[]]></system-out>
  <system-err><![CDATA[]]></system-err>
</testsuite>
